ui/build/app/outputs/mapping/release/mapping.txt
# compiler: R8
# compiler_version: 2.1.62
# min_api: 19
# pg_map_id: 750737e
# common_typos_disable
...
com.google.common.util.concurrent.AbstractFuture$UnsafeAtomicHelper -> b.a.a.b.a.a$k:
    sun.misc.Unsafe UNSAFE -> a
    long WAITER_NEXT_OFFSET -> f
    long WAITER_THREAD_OFFSET -> e
    long LISTENERS_OFFSET -> b
    long VALUE_OFFSET -> d
    long WAITERS_OFFSET -> c
    boolean casListeners(com.google.common.util.concurrent.AbstractFuture,com.google.common.util.concurrent.AbstractFuture$Listener,com.google.common.util.concurrent.AbstractFuture$Listener) -> a
    boolean casValue(com.google.common.util.concurrent.AbstractFuture,java.lang.Object,java.lang.Object) -> b
    boolean casWaiters(com.google.common.util.concurrent.AbstractFuture,com.google.common.util.concurrent.AbstractFuture$Waiter,com.google.common.util.concurrent.AbstractFuture$Waiter) -> c
    void putNext(com.google.common.util.concurrent.AbstractFuture$Waiter,com.google.common.util.concurrent.AbstractFuture$Waiter) -> d
    void putThread(com.google.common.util.concurrent.AbstractFuture$Waiter,java.lang.Thread) -> e
com.google.common.util.concurrent.AbstractFuture$UnsafeAtomicHelper$1 -> b.a.a.b.a.a$k$a:
    sun.misc.Unsafe run() -> a
com.google.common.util.concurrent.AbstractFuture$Waiter -> b.a.a.b.a.a$l:
    java.lang.Thread thread -> a
    com.google.common.util.concurrent.AbstractFuture$Waiter next -> b
    com.google.common.util.concurrent.AbstractFuture$Waiter TOMBSTONE -> c
    void setNext(com.google.common.util.concurrent.AbstractFuture$Waiter) -> a
    void unpark() -> b
com.google.common.util.concurrent.FutureCallback -> b.a.a.b.a.b:
    void onFailure(java.lang.Throwable) -> a
    void onSuccess(java.lang.Object) -> b
com.google.common.util.concurrent.Futures -> b.a.a.b.a.c:
    void addCallback(com.google.common.util.concurrent.ListenableFuture,com.google.common.util.concurrent.FutureCallback,java.util.concurrent.Executor) -> a
    java.lang.Object getDone(java.util.concurrent.Future) -> b
com.google.common.util.concurrent.Futures$CallbackListener -> b.a.a.b.a.c$a:
    java.util.concurrent.Future future -> a
    com.google.common.util.concurrent.FutureCallback callback -> b
com.google.common.util.concurrent.GwtFuturesCatchingSpecialization -> b.a.a.b.a.d:
com.google.common.util.concurrent.ListenableFuture -> b.a.a.b.a.e:
    void addListener(java.lang.Runnable,java.util.concurrent.Executor) -> a
com.google.common.util.concurrent.SettableFuture -> b.a.a.b.a.f:
    boolean setException(java.lang.Throwable) -> A
    com.google.common.util.concurrent.SettableFuture create() -> C
    boolean set(java.lang.Object) -> z
com.google.common.util.concurrent.ThreadFactoryBuilder -> b.a.a.b.a.g:
    java.lang.Integer priority -> c
    java.lang.Thread$UncaughtExceptionHandler uncaughtExceptionHandler -> d
    java.util.concurrent.ThreadFactory backingThreadFactory -> e
    java.lang.String nameFormat -> a
    java.lang.Boolean daemon -> b
    java.lang.String access$000(java.lang.String,java.lang.Object[]) -> a
    java.util.concurrent.ThreadFactory build() -> b
    java.util.concurrent.ThreadFactory doBuild(com.google.common.util.concurrent.ThreadFactoryBuilder) -> c
    java.lang.String format(java.lang.String,java.lang.Object[]) -> d
    com.google.common.util.concurrent.ThreadFactoryBuilder setNameFormat(java.lang.String) -> e
    com.google.common.util.concurrent.ThreadFactoryBuilder setPriority(int) -> f
com.google.common.util.concurrent.ThreadFactoryBuilder$1 -> b.a.a.b.a.g$a:
    java.util.concurrent.atomic.AtomicLong val$count -> c
    java.lang.Integer val$priority -> e
    java.lang.Thread$UncaughtExceptionHandler val$uncaughtExceptionHandler -> f
    java.util.concurrent.ThreadFactory val$backingThreadFactory -> a
    java.lang.String val$nameFormat -> b
    java.lang.Boolean val$daemon -> d
com.google.common.util.concurrent.Uninterruptibles -> b.a.a.b.a.h:
    java.lang.Object getUninterruptibly(java.util.concurrent.Future) -> a