ui/build/app/outputs/mapping/release/usage.txt
com.example.plantsense.R$drawable
com.example.plantsense.R$string
com.example.plantsense.R$integer
com.example.plantsense.R$layout
com.example.plantsense.R$id
com.example.plantsense.R$dimen
com.example.plantsense.R
com.example.plantsense.R$attr
com.example.plantsense.R$style
com.example.plantsense.R$color
com.example.plantsense.BuildConfig
com.example.plantsense.R$styleable
com.example.plantsense.R$mipmap
...
kotlin.text.TypeAliasesKt
com.google.common.cache.ForwardingCache
com.google.common.collect.AbstractMapBasedMultimap$Itr
com.google.common.collect.RegularImmutableTable
com.pauldemarco.flutter_blue.R$dimen
kotlin.time.MonoClock
com.google.protobuf.AbstractMessageLite$Builder:
    private java.lang.String getReadingExceptionMessage(java.lang.String)
    private static void addAllCheckingNulls(java.lang.Iterable,java.util.List)
    protected static void addAll(java.lang.Iterable,java.util.Collection)
    protected static void addAll(java.lang.Iterable,java.util.List)
    public abstract com.google.protobuf.AbstractMessageLite$Builder clone()
    public com.google.protobuf.AbstractMessageLite$Builder mergeFrom(com.google.protobuf.CodedInputStream)
    public abstract com.google.protobuf.AbstractMessageLite$Builder mergeFrom(com.google.protobuf.CodedInputStream,com.google.protobuf.ExtensionRegistryLite)
    public com.google.protobuf.AbstractMessageLite$Builder mergeFrom(com.google.protobuf.ByteString)
    public com.google.protobuf.AbstractMessageLite$Builder mergeFrom(com.google.protobuf.ByteString,com.google.protobuf.ExtensionRegistryLite)
    public com.google.protobuf.AbstractMessageLite$Builder mergeFrom(byte[],com.google.protobuf.ExtensionRegistryLite)
    public com.google.protobuf.AbstractMessageLite$Builder mergeFrom(byte[],int,int,com.google.protobuf.ExtensionRegistryLite)
    public com.google.protobuf.AbstractMessageLite$Builder mergeFrom(java.io.InputStream)
    public com.google.protobuf.AbstractMessageLite$Builder mergeFrom(java.io.InputStream,com.google.protobuf.ExtensionRegistryLite)
    public boolean mergeDelimitedFrom(java.io.InputStream,com.google.protobuf.ExtensionRegistryLite)
com.google.common.collect.BiMap
com.google.common.collect.ImmutableMap$MapViewOfValuesAsSingletonSets$1
com.google.protobuf.LazyFieldLite:
    public void <init>(com.google.protobuf.ExtensionRegistryLite,com.google.protobuf.ByteString)
    public static com.google.protobuf.LazyFieldLite fromValue(com.google.protobuf.MessageLite)
    private static com.google.protobuf.MessageLite mergeValueAndBytes(com.google.protobuf.MessageLite,com.google.protobuf.ByteString,com.google.protobuf.ExtensionRegistryLite)
    private static void checkArguments(com.google.protobuf.ExtensionRegistryLite,com.google.protobuf.ByteString)
    public boolean containsDefaultInstance()
    public void clear()
    public void set(com.google.protobuf.LazyFieldLite)
    public void merge(com.google.protobuf.LazyFieldLite)
    public void mergeFrom(com.google.protobuf.CodedInputStream,com.google.protobuf.ExtensionRegistryLite)
    public void setByteString(com.google.protobuf.ByteString,com.google.protobuf.ExtensionRegistryLite)
    void writeTo(com.google.protobuf.Writer,int)
kotlin.sequences.SequencesKt__SequencesJVMKt
androidx.customview.widget.FocusStrategy
androidx.fragment.app.Fragment$4
com.google.common.hash.SipHashFunction
io.flutter.embedding.android.AndroidTouchProcessor:
    private static final int POINTER_DATA_FIELD_COUNT
    private static final int BYTES_PER_FIELD
    private static final int POINTER_DATA_FLAG_BATCHED
    private static final int _POINTER_BUTTON_PRIMARY
androidx.core.provider.FontsContractCompat$FontFamilyResult
kotlin.Deprecated
io.flutter.plugin.platform.PlatformViewFactory:
    public void <init>(io.flutter.plugin.common.MessageCodec)
androidx.core.R$style
com.google.common.collect.Maps$FilteredEntryBiMap
com.google.common.base.Functions$PredicateFunction
com.google.common.collect.MapMakerInternalMap$WeakKeyStrongValueEntry$Helper
com.google.common.util.concurrent.AbstractScheduledService$1
com.google.common.collect.AbstractMapBasedMultimap$KeySet
com.google.common.collect.Multisets$ElementSet
com.google.common.collect.ImmutableRangeMap$SerializedForm
com.google.common.eventbus.Subscriber$1
androidx.viewpager.R$styleable
com.google.common.cache.LocalCache$AbstractCacheSet